0 info it worked if it ends with ok
1 verbose cli [ 'C:\\Program Files\\nodejs\\node.exe',
1 verbose cli   'C:\\Program Files\\nodejs\\node_modules\\npm\\bin\\npm-cli.js',
1 verbose cli   'run',
1 verbose cli   'publish-gh-pages' ]
2 info using npm@3.9.5
3 info using node@v6.2.2
4 verbose run-script [ 'prepublish-gh-pages',
4 verbose run-script   'publish-gh-pages',
4 verbose run-script   'postpublish-gh-pages' ]
5 info lifecycle @~prepublish-gh-pages: @
6 silly lifecycle @~prepublish-gh-pages: no script for prepublish-gh-pages, continuing
7 info lifecycle @~publish-gh-pages: @
8 verbose lifecycle @~publish-gh-pages: unsafe-perm in lifecycle true
9 verbose lifecycle @~publish-gh-pages: PATH: C:\Program Files\nodejs\node_modules\npm\bin\node-gyp-bin;G:\ByTopic 话题展开 & 资料库\Docusaurus\notes\website\node_modules\.bin;C:\Program Files\nodejs;D:\cmder_mini\bin;D:\cmder_mini\vendor\conemu-maximus5\ConEmu\Scripts;D:\cmder_mini\vendor\conemu-maximus5;D:\cmder_mini\vendor\conemu-maximus5\ConEmu;C:\Windows\SysWOW64;C:\WINDOWS\system32;D:\Program Files\cudnn-8.0-v5.1\cuda\bin;D:\Program Files\cudnn-8.0-v5.1\cuda\lib\x64;C:\Program Files\ImageMagick-7.0.4-Q16;C:\windows\System32\WindowsPowerShell\v1.0\;C:\tools\ruby23\bin;C:\Program Files\Git\bin;C:\Program Files\Git\usr\bin;D:\Emgu\emgucv-windows-universal 3.0.0.2157\bin\x86;C:\ProgramData\Oracle\Java\javapath;C:\Perl64\site\bin;C:\Perl64\bin;C:\Program Files (x86)\Intel\iCLS Client\;C:\Program Files\Intel\iCLS Client\;C:\windows;C:\windows\System32\Wbem;C:\Program Files\Lenovo\Bluetooth Software\;C:\Program Files\Lenovo\Bluetooth Software\syswow64;C:\Program Files\Microsoft SQL Server\110\Tools\Binn\;C:\Program Files\MiKTeX 2.9\miktex\bin\x64\;C:\Program Files (x86)\QuickTime\QTSystem\;C:\Program Files\TortoiseSVN\bin;C:\Program Files\VisualSVN Server\bin;C:\Program Files (x86)\Microsoft SQL Server\110\Tools\Binn\;C:\Program Files\Microsoft SQL Server\110\DTS\Binn\;C:\Program Files\Common Files\Autodesk Shared\;C:\Program Files (x86)\GtkSharp\2.12\bin;C:\Program Files (x86)\NVIDIA Corporation\PhysX\Common;C:\WINDOWS\System32\Wbem;C:\Program Files\nodejs\;C:\Program Files (x86)\nodejs\;C:\Users\zhenqi\.dnx\bin;C:\Program Files\Microsoft DNX\Dnvm\;D:\Program Files\MATLAB\R2016a\bin;C:\Program Files\CMake\bin;D:\Program Files\Calibre2\;C:\Program Files\NVIDIA GPU Computing Toolkit\CUDA\v8.0\bin;C:\Program Files\NVIDIA GPU Computing Toolkit\CUDA\v8.0\libnvvp;D:\Anaconda3;D:\Anaconda3\Scripts;D:\Anaconda3\Library\bin;F:\软件们\putty\;C:\Program Files\Microsoft SQL Server\130\Tools\Binn\;C:\Program Files (x86)\Xoreax\IncrediBuild;D:\TDM-GCC-64\bin;D:\Program Files (x86)\Skype\Phone\;D:\Program Files (x86)\Pandoc\;C:\WINDOWS\system32;C:\WINDOWS;C:\WINDOWS\System32\Wbem;C:\WINDOWS\System32\WindowsPowerShell\v1.0\;C:\Program Files\dotnet\;C:\Program Files (x86)\WinSCP\;D:\Program Files\Process Lasso\;C:\ProgramData\chocolatey\bin;C:\Program Files\Git\bin;C:\Program Files\Git\usr\bin;C:\Users\zhenqi\AppData\Roaming\npm;C:\Users\zhenqi\AppData\Local\Microsoft\WindowsApps;D:\babun-1.2.0\.babun;C:\Program Files (x86)\Microsoft VS Code\bin;C:\Users\zhenqi\AppData\Local\atom\bin;D:\Program Files\Oracle\VirtualBox;;C:\Users\zhenqi\AppData\Local\Programs\Fiddler;C:\Program Files (x86)\mitmproxy\bin;C:\Program Files\Git\usr\bin;C:\Program Files\Git\usr\share\vim\vim74;D:\cmder_mini\
10 verbose lifecycle @~publish-gh-pages: CWD: G:\ByTopic 话题展开 & 资料库\Docusaurus\notes\website
11 silly lifecycle @~publish-gh-pages: Args: [ '/d /s /c', 'docusaurus-publish' ]
12 silly lifecycle @~publish-gh-pages: Returned: code: 1  signal: null
13 info lifecycle @~publish-gh-pages: Failed to exec publish-gh-pages script
14 verbose stack Error: @ publish-gh-pages: `docusaurus-publish`
14 verbose stack Exit status 1
14 verbose stack     at EventEmitter.<anonymous> (C:\Program Files\nodejs\node_modules\npm\lib\utils\lifecycle.js:245:16)
14 verbose stack     at emitTwo (events.js:106:13)
14 verbose stack     at EventEmitter.emit (events.js:191:7)
14 verbose stack     at ChildProcess.<anonymous> (C:\Program Files\nodejs\node_modules\npm\lib\utils\spawn.js:24:14)
14 verbose stack     at emitTwo (events.js:106:13)
14 verbose stack     at ChildProcess.emit (events.js:191:7)
14 verbose stack     at maybeClose (internal/child_process.js:852:16)
14 verbose stack     at Process.ChildProcess._handle.onexit (internal/child_process.js:215:5)
15 verbose pkgid @
16 verbose cwd G:\ByTopic 话题展开 & 资料库\Docusaurus\notes\website
17 error Windows_NT 10.0.16299
18 error argv "C:\\Program Files\\nodejs\\node.exe" "C:\\Program Files\\nodejs\\node_modules\\npm\\bin\\npm-cli.js" "run" "publish-gh-pages"
19 error node v6.2.2
20 error npm  v3.9.5
21 error code ELIFECYCLE
22 error @ publish-gh-pages: `docusaurus-publish`
22 error Exit status 1
23 error Failed at the @ publish-gh-pages script 'docusaurus-publish'.
23 error Make sure you have the latest version of node.js and npm installed.
23 error If you do, this is most likely a problem with the  package,
23 error not with npm itself.
23 error Tell the author that this fails on your system:
23 error     docusaurus-publish
23 error You can get information on how to open an issue for this project with:
23 error     npm bugs
23 error Or if that isn't available, you can get their info via:
23 error     npm owner ls
23 error There is likely additional logging output above.
24 verbose exit [ 1, true ]
